# JRE version: OpenJDK Runtime Environment (8.0_76-b03) (build 1.8.0_76-release-b03)
# Java VM: OpenJDK 64-Bit Server VM (25.76-b03 mixed mode windows-amd64 compressed oops)
Heap:
 PSYoungGen      total 320000K, used 177628K [0x00000000e0000000, 0x00000000f5480000, 0x0000000100000000)
  eden space 300032K, 52% used [0x00000000e0000000,0x00000000e99ff760,0x00000000f2500000)
  from space 19968K, 99% used [0x00000000f4100000,0x00000000f5477bc8,0x00000000f5480000)
  to   space 24064K, 0% used [0x00000000f2580000,0x00000000f2580000,0x00000000f3d00000)
 ParOldGen       total 78336K, used 47668K [0x00000000a0000000, 0x00000000a4c80000, 0x00000000e0000000)
  object space 78336K, 60% used [0x00000000a0000000,0x00000000a2e8d3d0,0x00000000a4c80000)
 Metaspace       used 59265K, capacity 61680K, committed 61952K, reserved 1103872K
  class space    used 7834K, capacity 8345K, committed 8448K, reserved 1048576K
GC Heap History (10 events):
Event: 25.876 GC heap before
{Heap before GC invocations=11 (full 2):
 PSYoungGen      total 178176K, used 167936K [0x00000000e0000000, 0x00000000eba00000, 0x0000000100000000)
  eden space 167936K, 100% used [0x00000000e0000000,0x00000000ea400000,0x00000000ea400000)
  from space 10240K, 0% used [0x00000000eb000000,0x00000000eb000000,0x00000000eba00000)
  to   space 11264K, 0% used [0x00000000ea400000,0x00000000ea400000,0x00000000eaf00000)
 ParOldGen       total 78336K, used 16081K [0x00000000a0000000, 0x00000000a4c80000, 0x00000000e0000000)
  object space 78336K, 20% used [0x00000000a0000000,0x00000000a0fb4438,0x00000000a4c80000)
 Metaspace       used 45681K, capacity 46928K, committed 47232K, reserved 1089536K
  class space    used 6172K, capacity 6436K, committed 6528K, reserved 1048576K
Event: 25.931 GC heap after
Heap after GC invocations=11 (full 2):
 PSYoungGen      total 179200K, used 11251K [0x00000000e0000000, 0x00000000f0100000, 0x0000000100000000)
  eden space 167936K, 0% used [0x00000000e0000000,0x00000000e0000000,0x00000000ea400000)
  from space 11264K, 99% used [0x00000000ea400000,0x00000000eaefcc90,0x00000000eaf00000)
  to   space 14336K, 0% used [0x00000000ef300000,0x00000000ef300000,0x00000000f0100000)
 ParOldGen       total 78336K, used 21206K [0x00000000a0000000, 0x00000000a4c80000, 0x00000000e0000000)
  object space 78336K, 27% used [0x00000000a0000000,0x00000000a14b58d8,0x00000000a4c80000)
 Metaspace       used 45681K, capacity 46928K, committed 47232K, reserved 1089536K
  class space    used 6172K, capacity 6436K, committed 6528K, reserved 1048576K
}
Event: 28.257 GC heap before
{Heap before GC invocations=12 (full 2):
 PSYoungGen      total 179200K, used 165615K [0x00000000e0000000, 0x00000000f0100000, 0x0000000100000000)
  eden space 167936K, 91% used [0x00000000e0000000,0x00000000e96bef78,0x00000000ea400000)
  from space 11264K, 99% used [0x00000000ea400000,0x00000000eaefcc90,0x00000000eaf00000)
  to   space 14336K, 0% used [0x00000000ef300000,0x00000000ef300000,0x00000000f0100000)
 ParOldGen       total 78336K, used 21206K [0x00000000a0000000, 0x00000000a4c80000, 0x00000000e0000000)
  object space 78336K, 27% used [0x00000000a0000000,0x00000000a14b58d8,0x00000000a4c80000)
 Metaspace       used 52484K, capacity 54516K, committed 54784K, reserved 1095680K
  class space    used 7115K, capacity 7585K, committed 7680K, reserved 1048576K
Event: 28.372 GC heap after
Heap after GC invocations=12 (full 2):
 PSYoungGen      total 241152K, used 14335K [0x00000000e0000000, 0x00000000f1000000, 0x0000000100000000)
  eden space 226816K, 0% used [0x00000000e0000000,0x00000000e0000000,0x00000000edd80000)
  from space 14336K, 99% used [0x00000000ef300000,0x00000000f00ffff0,0x00000000f0100000)
  to   space 22016K, 0% used [0x00000000edd80000,0x00000000edd80000,0x00000000ef300000)
 ParOldGen       total 78336K, used 36598K [0x00000000a0000000, 0x00000000a4c80000, 0x00000000e0000000)
  object space 78336K, 46% used [0x00000000a0000000,0x00000000a23bd8e0,0x00000000a4c80000)
 Metaspace       used 52484K, capacity 54516K, committed 54784K, reserved 1095680K
  class space    used 7115K, capacity 7585K, committed 7680K, reserved 1048576K
}
Event: 28.372 GC heap before
{Heap before GC invocations=13 (full 3):
 PSYoungGen      total 241152K, used 14335K [0x00000000e0000000, 0x00000000f1000000, 0x0000000100000000)
  eden space 226816K, 0% used [0x00000000e0000000,0x00000000e0000000,0x00000000edd80000)
  from space 14336K, 99% used [0x00000000ef300000,0x00000000f00ffff0,0x00000000f0100000)
  to   space 22016K, 0% used [0x00000000edd80000,0x00000000edd80000,0x00000000ef300000)
 ParOldGen       total 78336K, used 36598K [0x00000000a0000000, 0x00000000a4c80000, 0x00000000e0000000)
  object space 78336K, 46% used [0x00000000a0000000,0x00000000a23bd8e0,0x00000000a4c80000)
 Metaspace       used 52484K, capacity 54516K, committed 54784K, reserved 1095680K
  class space    used 7115K, capacity 7585K, committed 7680K, reserved 1048576K
Event: 28.742 GC heap after
Heap after GC invocations=13 (full 3):
 PSYoungGen      total 241152K, used 0K [0x00000000e0000000, 0x00000000f1000000, 0x0000000100000000)
  eden space 226816K, 0% used [0x00000000e0000000,0x00000000e0000000,0x00000000edd80000)
  from space 14336K, 0% used [0x00000000ef300000,0x00000000ef300000,0x00000000f0100000)
  to   space 22016K, 0% used [0x00000000edd80000,0x00000000edd80000,0x00000000ef300000)
 ParOldGen       total 78336K, used 43656K [0x00000000a0000000, 0x00000000a4c80000, 0x00000000e0000000)
  object space 78336K, 55% used [0x00000000a0000000,0x00000000a2aa2078,0x00000000a4c80000)
 Metaspace       used 52484K, capacity 54516K, committed 54784K, reserved 1095680K
  class space    used 7115K, capacity 7585K, committed 7680K, reserved 1048576K
}
Event: 193.036 GC heap before
{Heap before GC invocations=14 (full 3):
 PSYoungGen      total 241152K, used 226816K [0x00000000e0000000, 0x00000000f1000000, 0x0000000100000000)
  eden space 226816K, 100% used [0x00000000e0000000,0x00000000edd80000,0x00000000edd80000)
  from space 14336K, 0% used [0x00000000ef300000,0x00000000ef300000,0x00000000f0100000)
  to   space 22016K, 0% used [0x00000000edd80000,0x00000000edd80000,0x00000000ef300000)
 ParOldGen       total 78336K, used 43656K [0x00000000a0000000, 0x00000000a4c80000, 0x00000000e0000000)
  object space 78336K, 55% used [0x00000000a0000000,0x00000000a2aa2078,0x00000000a4c80000)
 Metaspace       used 55501K, capacity 57714K, committed 57856K, reserved 1099776K
  class space    used 7432K, capacity 7902K, committed 7936K, reserved 1048576K
Event: 193.055 GC heap after
Heap after GC invocations=14 (full 3):
 PSYoungGen      total 248832K, used 6644K [0x00000000e0000000, 0x00000000f5600000, 0x0000000100000000)
  eden space 226816K, 0% used [0x00000000e0000000,0x00000000e0000000,0x00000000edd80000)
  from space 22016K, 30% used [0x00000000edd80000,0x00000000ee3fd1f0,0x00000000ef300000)
  to   space 21504K, 0% used [0x00000000f4100000,0x00000000f4100000,0x00000000f5600000)
 ParOldGen       total 78336K, used 43664K [0x00000000a0000000, 0x00000000a4c80000, 0x00000000e0000000)
  object space 78336K, 55% used [0x00000000a0000000,0x00000000a2aa4078,0x00000000a4c80000)
 Metaspace       used 55501K, capacity 57714K, committed 57856K, reserved 1099776K
  class space    used 7432K, capacity 7902K, committed 7936K, reserved 1048576K
}
Event: 202.911 GC heap before
{Heap before GC invocations=15 (full 3):
 PSYoungGen      total 248832K, used 233460K [0x00000000e0000000, 0x00000000f5600000, 0x0000000100000000)
  eden space 226816K, 100% used [0x00000000e0000000,0x00000000edd80000,0x00000000edd80000)
  from space 22016K, 30% used [0x00000000edd80000,0x00000000ee3fd1f0,0x00000000ef300000)
  to   space 21504K, 0% used [0x00000000f4100000,0x00000000f4100000,0x00000000f5600000)
 ParOldGen       total 78336K, used 43664K [0x00000000a0000000, 0x00000000a4c80000, 0x00000000e0000000)
  object space 78336K, 55% used [0x00000000a0000000,0x00000000a2aa4078,0x00000000a4c80000)
 Metaspace       used 57954K, capacity 60346K, committed 60416K, reserved 1101824K
  class space    used 7661K, capacity 8168K, committed 8192K, reserved 1048576K
Event: 202.962 GC heap after
Heap after GC invocations=15 (full 3):
 PSYoungGen      total 320000K, used 19934K [0x00000000e0000000, 0x00000000f5480000, 0x0000000100000000)
  eden space 300032K, 0% used [0x00000000e0000000,0x00000000e0000000,0x00000000f2500000)
  from space 19968K, 99% used [0x00000000f4100000,0x00000000f5477bc8,0x00000000f5480000)
  to   space 24064K, 0% used [0x00000000f2580000,0x00000000f2580000,0x00000000f3d00000)
 ParOldGen       total 78336K, used 47668K [0x00000000a0000000, 0x00000000a4c80000, 0x00000000e0000000)
  object space 78336K, 60% used [0x00000000a0000000,0x00000000a2e8d3d0,0x00000000a4c80000)
 Metaspace       used 57954K, capacity 60346K, committed 60416K, reserved 1101824K
  class space    used 7661K, capacity 8168K, committed 8192K, reserved 1048576K
}

